Determining if the pthread_create exist failed with the following output:
Change Dir: /home/marolab/voxelspacereconstruction/camera_calibration_panda/build/CMakeFiles/CMakeTmp

Run Build Command:"/usr/bin/make" "cmTC_0531d/fast"
/usr/bin/make -f CMakeFiles/cmTC_0531d.dir/build.make CMakeFiles/cmTC_0531d.dir/build
make[1]: Entering directory '/home/marolab/voxelspacereconstruction/camera_calibration_panda/build/CMakeFiles/CMakeTmp'
Building C object CMakeFiles/cmTC_0531d.dir/CheckSymbolExists.c.o
/usr/bin/cc    -o CMakeFiles/cmTC_0531d.dir/CheckSymbolExists.c.o   -c /home/marolab/voxelspacereconstruction/camera_calibration_panda/build/CMakeFiles/CMakeTmp/CheckSymbolExists.c
Linking C executable cmTC_0531d
/usr/bin/cmake -E cmake_link_script CMakeFiles/cmTC_0531d.dir/link.txt --verbose=1
/usr/bin/cc      -rdynamic CMakeFiles/cmTC_0531d.dir/CheckSymbolExists.c.o  -o cmTC_0531d 
CMakeFiles/cmTC_0531d.dir/CheckSymbolExists.c.o: In function `main':
CheckSymbolExists.c:(.text+0x1b): undefined reference to `pthread_create'
collect2: error: ld returned 1 exit status
CMakeFiles/cmTC_0531d.dir/build.make:97: recipe for target 'cmTC_0531d' failed
make[1]: *** [cmTC_0531d] Error 1
make[1]: Leaving directory '/home/marolab/voxelspacereconstruction/camera_calibration_panda/build/CMakeFiles/CMakeTmp'
Makefile:126: recipe for target 'cmTC_0531d/fast' failed
make: *** [cmTC_0531d/fast] Error 2

File /home/marolab/voxelspacereconstruction/camera_calibration_panda/build/CMakeFiles/CMakeTmp/CheckSymbolExists.c:
/* */
#include <pthread.h>

int main(int argc, char** argv)
{
  (void)argv;
#ifndef pthread_create
  return ((int*)(&pthread_create))[argc];
#else
  (void)argc;
  return 0;
#endif
}

